[2016-02-29 00:36:29] local.ERROR: exception 'ErrorException' with message 'include(/var/www/SISAUGES-MEB/app/Http/Controllers/ClasificacionActividadController.php): failed to open stream: No such file or directory' in /var/www/SISAUGES-MEB/vendor/composer/ClassLoader.php:412
Stack trace:
#0 /var/www/SISAUGES-MEB/vendor/composer/ClassLoader.php(412): Illuminate\Foundation\Bootstrap\HandleExceptions->handleError(2, 'include(/var/ww...', '/var/www/SISAUG...', 412, Array)
#1 /var/www/SISAUGES-MEB/vendor/composer/ClassLoader.php(412): Composer\Autoload\includeFile()
#2 /var/www/SISAUGES-MEB/vendor/composer/ClassLoader.php(301): Composer\Autoload\includeFile('/var/www/SISAUG...')
#3 [internal function]: Composer\Autoload\ClassLoader->loadClass('SISAUGES\\Http\\C...')
#4 [internal function]: spl_autoload_call('SISAUGES\\Http\\C...')
#5 /var/www/SISAUGES-MEB/vendor/laravel/framework/src/Illuminate/Routing/Route.php(264): ReflectionMethod->__construct('SISAUGES\\Http\\C...', 'index')
#6 /var/www/SISAUGES-MEB/vendor/laravel/framework/src/Illuminate/Routing/Router.php(859): Illuminate\Routing\Route->signatureParameters('Illuminate\\Data...')
#7 /var/www/SISAUGES-MEB/vendor/laravel/framework/src/Illuminate/Routing/Router.php(844): Illuminate\Routing\Router->substituteImplicitBindings(Object(Illuminate\Routing\Route))
#8 /var/www/SISAUGES-MEB/vendor/laravel/framework/src/Illuminate/Routing/Router.php(827): Illuminate\Routing\Router->substituteBindings(Object(Illuminate\Routing\Route))
#9 /var/www/SISAUGES-MEB/vendor/laravel/framework/src/Illuminate/Routing/Router.php(691): Illuminate\Routing\Router->findRoute(Object(Illuminate\Http\Request))
#10 /var/www/SISAUGES-MEB/vendor/laravel/framework/src/Illuminate/Routing/Router.php(675): Illuminate\Routing\Router->dispatchToRoute(Object(Illuminate\Http\Request))
#11 /var/www/SISAUGES-MEB/vendor/laravel/framework/src/Illuminate/Foundation/Http/Kernel.php(246): Illuminate\Routing\Router->dispatch(Object(Illuminate\Http\Request))
#12 [internal function]: Illuminate\Foundation\Http\Kernel->Illuminate\Foundation\Http\{closure}(Object(Illuminate\Http\Request))
#13 /var/www/SISAUGES-MEB/vendor/laravel/framework/src/Illuminate/Routing/Pipeline.php(52): call_user_func(Object(Closure), Object(Illuminate\Http\Request))
#14 /var/www/SISAUGES-MEB/vendor/laravel/framework/src/Illuminate/Foundation/Http/Middleware/CheckForMaintenanceMode.php(44): Illuminate\Routing\Pipeline->Illuminate\Routing\{closure}(Object(Illuminate\Http\Request))
#15 [internal function]: Illuminate\Foundation\Http\Middleware\CheckForMaintenanceMode->handle(Object(Illuminate\Http\Request), Object(Closure))
#16 /var/www/SISAUGES-MEB/vendor/laravel/framework/src/Illuminate/Pipeline/Pipeline.php(124): call_user_func_array(Array, Array)
#17 [internal function]: Illuminate\Pipeline\Pipeline->Illuminate\Pipeline\{closure}(Object(Illuminate\Http\Request))
#18 /var/www/SISAUGES-MEB/vendor/laravel/framework/src/Illuminate/Routing/Pipeline.php(32): call_user_func(Object(Closure), Object(Illuminate\Http\Request))
#19 [internal function]: Illuminate\Routing\Pipeline->Illuminate\Routing\{closure}(Object(Illuminate\Http\Request))
#20 /var/www/SISAUGES-MEB/vendor/laravel/framework/src/Illuminate/Pipeline/Pipeline.php(103): call_user_func(Object(Closure), Object(Illuminate\Http\Request))
#21 /var/www/SISAUGES-MEB/vendor/laravel/framework/src/Illuminate/Foundation/Http/Kernel.php(132): Illuminate\Pipeline\Pipeline->then(Object(Closure))
#22 /var/www/SISAUGES-MEB/vendor/laravel/framework/src/Illuminate/Foundation/Http/Kernel.php(99): Illuminate\Foundation\Http\Kernel->sendRequestThroughRouter(Object(Illuminate\Http\Request))
#23 /var/www/SISAUGES-MEB/public/index.php(54): Illuminate\Foundation\Http\Kernel->handle(Object(Illuminate\Http\Request))
#24 {main}

Next exception 'ReflectionException' with message 'Class SISAUGES\Http\Controllers\ClasificacionActividadController does not exist' in /var/www/SISAUGES-MEB/vendor/laravel/framework/src/Illuminate/Routing/Route.php:264
Stack trace:
#0 /var/www/SISAUGES-MEB/vendor/laravel/framework/src/Illuminate/Routing/Route.php(0): ReflectionMethod->__construct()
#1 /var/www/SISAUGES-MEB/vendor/laravel/framework/src/Illuminate/Routing/Router.php(859): Illuminate\Routing\Route->signatureParameters('Illuminate\\Data...')
#2 /var/www/SISAUGES-MEB/vendor/laravel/framework/src/Illuminate/Routing/Router.php(844): Illuminate\Routing\Router->substituteImplicitBindings(Object(Illuminate\Routing\Route))
#3 /var/www/SISAUGES-MEB/vendor/laravel/framework/src/Illuminate/Routing/Router.php(827): Illuminate\Routing\Router->substituteBindings(Object(Illuminate\Routing\Route))
#4 /var/www/SISAUGES-MEB/vendor/laravel/framework/src/Illuminate/Routing/Router.php(691): Illuminate\Routing\Router->findRoute(Object(Illuminate\Http\Request))
#5 /var/www/SISAUGES-MEB/vendor/laravel/framework/src/Illuminate/Routing/Router.php(675): Illuminate\Routing\Router->dispatchToRoute(Object(Illuminate\Http\Request))
#6 /var/www/SISAUGES-MEB/vendor/laravel/framework/src/Illuminate/Foundation/Http/Kernel.php(246): Illuminate\Routing\Router->dispatch(Object(Illuminate\Http\Request))
#7 [internal function]: Illuminate\Foundation\Http\Kernel->Illuminate\Foundation\Http\{closure}(Object(Illuminate\Http\Request))
#8 /var/www/SISAUGES-MEB/vendor/laravel/framework/src/Illuminate/Routing/Pipeline.php(52): call_user_func(Object(Closure), Object(Illuminate\Http\Request))
#9 /var/www/SISAUGES-MEB/vendor/laravel/framework/src/Illuminate/Foundation/Http/Middleware/CheckForMaintenanceMode.php(44): Illuminate\Routing\Pipeline->Illuminate\Routing\{closure}(Object(Illuminate\Http\Request))
#10 [internal function]: Illuminate\Foundation\Http\Middleware\CheckForMaintenanceMode->handle(Object(Illuminate\Http\Request), Object(Closure))
#11 /var/www/SISAUGES-MEB/vendor/laravel/framework/src/Illuminate/Pipeline/Pipeline.php(124): call_user_func_array(Array, Array)
#12 [internal function]: Illuminate\Pipeline\Pipeline->Illuminate\Pipeline\{closure}(Object(Illuminate\Http\Request))
#13 /var/www/SISAUGES-MEB/vendor/laravel/framework/src/Illuminate/Routing/Pipeline.php(32): call_user_func(Object(Closure), Object(Illuminate\Http\Request))
#14 [internal function]: Illuminate\Routing\Pipeline->Illuminate\Routing\{closure}(Object(Illuminate\Http\Request))
#15 /var/www/SISAUGES-MEB/vendor/laravel/framework/src/Illuminate/Pipeline/Pipeline.php(103): call_user_func(Object(Closure), Object(Illuminate\Http\Request))
#16 /var/www/SISAUGES-MEB/vendor/laravel/framework/src/Illuminate/Foundation/Http/Kernel.php(132): Illuminate\Pipeline\Pipeline->then(Object(Closure))
#17 /var/www/SISAUGES-MEB/vendor/laravel/framework/src/Illuminate/Foundation/Http/Kernel.php(99): Illuminate\Foundation\Http\Kernel->sendRequestThroughRouter(Object(Illuminate\Http\Request))
#18 /var/www/SISAUGES-MEB/public/index.php(54): Illuminate\Foundation\Http\Kernel->handle(Object(Illuminate\Http\Request))
#19 {main}  
